resolvers       > trees > analyzing '/home/stg/.texlive/texmf'

open source     > 1 > 1 > /data/local/texlive/2016/texmf-dist/tex/context/base/mkiv/cont-yes.mkiv

ConTeXt  ver: 2016.05.17 19:20 MKIV current  fmt: 2017.1.27  int: english/english

system          > 'cont-new.mkiv' loaded
open source     > 2 > 2 > /data/local/texlive/2016/texmf-dist/tex/context/base/mkiv/cont-new.mkiv
close source    > 2 > 2 > /data/local/texlive/2016/texmf-dist/tex/context/base/mkiv/cont-new.mkiv
system          > files > jobname 'contests-demo', input './contests-demo', result 'contests-demo'
fonts           > latin modern fonts are not preloaded
languages       > language 'en' is active
open source     > 2 > 3 > /home/stg/ExpositionGit/tools/conTeXt/ConTests/t-contests/doc/context/third/ConTests/contests-demo.tex
resolvers       > modules > 'contests' is loaded
open source     > 3 > 4 > /home/stg/.texlive/texmf/tex/context/third/ConTests/t-contests.mkiv
loading         > ConTeXt User Module / ConTests
loaded ConTests

lua error       > lua error on line 45 in file /home/stg/.texlive/texmf/tex/context/third/ConTests/t-contests.mkiv:

....texlive/texmf/tex/context/third/ConTests/t-contests.lua:16: assertion failed!
stack traceback:
	[C]: in function 'assert'
	....texlive/texmf/tex/context/third/ConTests/t-contests.lua:16: in function 'code'
	...xlive/2016/texmf-dist/tex/context/base/mkiv/util-lua.lua:84: in function 'loadedluacode'
	...xlive/2016/texmf-dist/tex/context/base/mkiv/luat-env.lua:104: in function 'luafilechunk'
	...xlive/2016/texmf-dist/tex/context/base/mkiv/luat-cod.lua:45: in function 'registercode'
	[ctxlua]:1: in main chunk

35     % title   : ConTests: Unit testing for \CONTEXT\
36     % comment : Unit testing for \CONTEXT\ using LunaTest
37     % status  : under development, mkiv only
38     %
39     % end info
40     
41     \writestatus{loading}{ConTeXt User Module / ConTests}
42     
43     \unprotect
44     
45 >>  \ctxloadluafile{t-contests}
46     
47     \protect \endinput
48     
49     


? 

lua error       > lua error on line 45 in file /home/stg/.texlive/texmf/tex/context/third/ConTests/t-contests.mkiv:

....texlive/texmf/tex/context/third/ConTests/t-contests.lua:16: assertion failed!
stack traceback:
	[C]: in function 'assert'
	....texlive/texmf/tex/context/third/ConTests/t-contests.lua:16: in function 'code'
	...xlive/2016/texmf-dist/tex/context/base/mkiv/util-lua.lua:84: in function 'loadedluacode'
	...xlive/2016/texmf-dist/tex/context/base/mkiv/luat-env.lua:104: in function 'luafilechunk'
	...xlive/2016/texmf-dist/tex/context/base/mkiv/luat-cod.lua:45: in function 'registercode'
	[ctxlua]:1: in main chunk

35     % title   : ConTests: Unit testing for \CONTEXT\
36     % comment : Unit testing for \CONTEXT\ using LunaTest
37     % status  : under development, mkiv only
38     %
39     % end info
40     
41     \writestatus{loading}{ConTeXt User Module / ConTests}
42     
43     \unprotect
44     
45 >>  \ctxloadluafile{t-contests}
46     
47     \protect \endinput
48     
49     

End of file on the terminal!


    7: filename=t-contests.lua filetype=tex format=tex foundname=/home/stg/.texlive/texmf/tex/context/third/ConTests/t-contests.lua usedmethod=otherwise
used file       >    8: filename=lm.lfg filetype=tex foundname=/data/local/texlive/2016/texmf-dist/tex/context/fonts/mkiv/lm.lfg usedmethod=database
used file       >    9: filename=lmroman12-regular filetype=otf format=otf foundname=/data/local/texlive/2016/texmf-dist/fonts/opentype/public/lm/lmroman12-regular.otf usedmethod=database
used file       >   10: filename=latinmodern-math.otf filetype=opentypefonts foundname=/data/local/texlive/2016/texmf-dist/fonts/opentype/public/lm-math/latinmodern-math.otf usedmethod=database
used file       >   11: filename=lpdf-pdx.xml filetype=tex foundname=/data/local/texlive/2016/texmf-dist/tex/context/base/mkiv/lpdf-pdx.xml usedmethod=database

system          > files > stop used files


system          > options > start commandline options

used option     > currentrun="1"
used option     > fulljobname="./contests-demo.tex"
used option     > input="./contests-demo.tex"
used option     > kindofrun="1"
used option     > maxnofruns="9"
used option     > no-parse-first-line="true"

system          > options > stop commandline options

system          > options > start commandline files

used file       >    1: ./contests-demo.tex

system          > options > stop commandline files


mkiv lua stats  > used config file: selfautoparent:/texmfcnf.lua;selfautoparent:/texmf-dist/web2c/texmfcnf.lua
mkiv lua stats  > used cache path: readable: '/data/local/texlive/2016/texmf-var/luatex-cache/context/a86c089b384a3076dc514ba966a1fac9' | readable+writable: '/home/stg/.texlive/2016/texmf-var/luatex-cache/context/a86c089b384a3076dc514ba966a1fac9'
mkiv lua stats  > resource resolver: loadtime 0.150 seconds, 1 scans with scantime 0.000 seconds, 0 shared scans, 11 found files, scanned paths: /home/stg/.texlive/texmf
mkiv lua stats  > stored bytecode data: 387 modules (0.464 sec), 82 tables (0.012 sec), 469 chunks (0.477 sec)
mkiv lua stats  > traced context: maxstack: 1175, freed: 0, unreachable: 1175
mkiv lua stats  > cleaned up reserved nodes: 47 nodes, 9 lists of 444
mkiv lua stats  > node memory usage: 11 glue, 2 penalty, 22 attribute, 38 glue_spec, 8 attribute_list, 2 temp
mkiv lua stats  > node list callback tasks: 6 unique task lists, 5 instances (re)created, 32 calls
mkiv lua stats  > used backend: pdf (backend for directly generating pdf output)
mkiv lua stats  > jobdata time: 0.001 seconds saving, 0.000 seconds loading
mkiv lua stats  > callbacks: 151 direct, 300 indirect, 451 total
mkiv lua stats  > randomizer: resumed with value 0.56857410751682
mkiv lua stats  > loaded tex modules: 1 requested, all found (*-contests)
mkiv lua stats  > loaded patterns: en::2, load time: 0.000
mkiv lua stats  > result saved in file: contests-demo.pdf, compresslevel 3, objectcompresslevel 3
mkiv lua stats  > loaded fonts: 2 files: latinmodern-math.otf, lmroman12-regular.otf
mkiv lua stats  > font engine: otf 3.020, afm 1.512, tfm 1.000, 4 instances, load time 0.209 seconds 
mkiv lua stats  > used platform: linux-64, type: unix, binary subtree: bin
mkiv lua stats  > luatex banner: this is luatex, version 0.95.0 (tex live 2016)
mkiv lua stats  > control sequences: 43819 of 65536 + 100000
mkiv lua stats  > lua properties: engine: lua, used memory: 74 MB (ctx: 73 MB), hash type: lua, hash chars: min(64,40), symbol mask: utf (τεχ)
mkiv lua stats  > runtime: 0.757 seconds, 1 processed pages, 1 shipped pages, 1.321 pages/second

